<?xml version="1.0" encoding="UTF-8"?>
<robot generator="Robot 6.0.2 (Python 3.11.2 on win32)" generated="20240326 01:09:15.021" rpa="false" schemaversion="3">
<suite id="s1" name="TC LoginPage" source="E:\Project\TOK_RobotFrameworkProject\TestCases\TC_LoginPage.robot">
<test id="s1-t1" name="LoginPage Title Test" line="8">
<kw name="Launch Mercury Login Page" library="BaseKeywords" type="SETUP">
<kw name="Open Browser" library="SeleniumLibrary">
<arg>${data_url}</arg>
<arg>${data_browser}</arg>
<doc>Opens a new browser instance to the optional ``url``.</doc>
<msg timestamp="20240326 01:09:15.847" level="INFO">Opening browser 'chrome' to base url 'https://demo.guru99.com/test/newtours/index.php'.</msg>
<msg timestamp="20240326 01:09:16.969" level="WARN">The chromedriver version (121.0.6167.184) detected in PATH at C:\Users\Acer\AppData\Local\Programs\Python\Python311\Scripts\chromedriver.exe might not be compatible with the detected chrome version (122.0.6261.131); currently, chromedriver 122.0.6261.128 is recommended for chrome 122.*, so it is advised to delete the driver in PATH and retry</msg>
<status status="PASS" starttime="20240326 01:09:15.845" endtime="20240326 01:09:22.012"/>
</kw>
<kw name="Maximize Browser Window" library="SeleniumLibrary">
<doc>Maximizes current browser window.</doc>
<status status="PASS" starttime="20240326 01:09:22.013" endtime="20240326 01:09:22.131"/>
</kw>
<kw name="Wait sleep" library="BaseKeywords">
<kw name="Sleep" library="BuiltIn">
<arg>2</arg>
<doc>Pauses the test executed for the given time.</doc>
<msg timestamp="20240326 01:09:24.133" level="INFO">Slept 2 seconds</msg>
<status status="PASS" starttime="20240326 01:09:22.133" endtime="20240326 01:09:24.133"/>
</kw>
<status status="PASS" starttime="20240326 01:09:22.131" endtime="20240326 01:09:24.134"/>
</kw>
<status status="PASS" starttime="20240326 01:09:15.845" endtime="20240326 01:09:24.134"/>
</kw>
<kw name="Set Selenium Speed" library="SeleniumLibrary">
<arg>1</arg>
<doc>Sets the delay that is waited after each Selenium command.</doc>
<status status="PASS" starttime="20240326 01:09:24.135" endtime="20240326 01:09:24.135"/>
</kw>
<kw name="Verify LoginPage Title" library="LoginPageKeywords">
<kw name="Title Should Be" library="SeleniumLibrary">
<arg>${tittle_loginpage}</arg>
<doc>Verifies that the current page title equals ``title``.</doc>
<msg timestamp="20240326 01:09:25.151" level="INFO">Page title is 'Welcome: Mercury Tours'.</msg>
<status status="PASS" starttime="20240326 01:09:24.137" endtime="20240326 01:09:25.151"/>
</kw>
<status status="PASS" starttime="20240326 01:09:24.136" endtime="20240326 01:09:25.151"/>
</kw>
<kw name="Close Browser" library="SeleniumLibrary">
<doc>Closes the current browser.</doc>
<status status="PASS" starttime="20240326 01:09:25.152" endtime="20240326 01:09:28.374"/>
</kw>
<tag>regression</tag>
<status status="PASS" starttime="20240326 01:09:15.844" endtime="20240326 01:09:28.375"/>
</test>
<test id="s1-t2" name="Login Test" line="14">
<kw name="Launch Mercury Login Page" library="BaseKeywords" type="SETUP">
<kw name="Open Browser" library="SeleniumLibrary">
<arg>${data_url}</arg>
<arg>${data_browser}</arg>
<doc>Opens a new browser instance to the optional ``url``.</doc>
<msg timestamp="20240326 01:09:28.378" level="INFO">Opening browser 'chrome' to base url 'https://demo.guru99.com/test/newtours/index.php'.</msg>
<msg timestamp="20240326 01:09:28.931" level="WARN">The chromedriver version (121.0.6167.184) detected in PATH at C:\Users\Acer\AppData\Local\Programs\Python\Python311\Scripts\chromedriver.exe might not be compatible with the detected chrome version (122.0.6261.131); currently, chromedriver 122.0.6261.128 is recommended for chrome 122.*, so it is advised to delete the driver in PATH and retry</msg>
<status status="PASS" starttime="20240326 01:09:28.378" endtime="20240326 01:09:34.871"/>
</kw>
<kw name="Maximize Browser Window" library="SeleniumLibrary">
<doc>Maximizes current browser window.</doc>
<status status="PASS" starttime="20240326 01:09:34.871" endtime="20240326 01:09:36.022"/>
</kw>
<kw name="Wait sleep" library="BaseKeywords">
<kw name="Sleep" library="BuiltIn">
<arg>2</arg>
<doc>Pauses the test executed for the given time.</doc>
<msg timestamp="20240326 01:09:38.022" level="INFO">Slept 2 seconds</msg>
<status status="PASS" starttime="20240326 01:09:36.022" endtime="20240326 01:09:38.022"/>
</kw>
<status status="PASS" starttime="20240326 01:09:36.022" endtime="20240326 01:09:38.022"/>
</kw>
<status status="PASS" starttime="20240326 01:09:28.377" endtime="20240326 01:09:38.022"/>
</kw>
<kw name="Set Selenium Speed" library="SeleniumLibrary">
<arg>1</arg>
<doc>Sets the delay that is waited after each Selenium command.</doc>
<status status="PASS" starttime="20240326 01:09:38.022" endtime="20240326 01:09:38.023"/>
</kw>
<kw name="Enter UserName" library="LoginPageKeywords">
<arg>${data_username}</arg>
<kw name="Input Text" library="SeleniumLibrary">
<arg>${text_LoginUserName}</arg>
<arg>${userName}</arg>
<doc>Types the given ``text`` into the text field identified by ``locator``.</doc>
<msg timestamp="20240326 01:09:38.026" level="INFO">Typing text 'mercury' into text field 'name:userName'.</msg>
<status status="PASS" starttime="20240326 01:09:38.025" endtime="20240326 01:09:41.196"/>
</kw>
<status status="PASS" starttime="20240326 01:09:38.023" endtime="20240326 01:09:41.196"/>
</kw>
<kw name="Enter Password" library="LoginPageKeywords">
<arg>${data_password}</arg>
<kw name="Input Text" library="SeleniumLibrary">
<arg>${text_LoginPassword}</arg>
<arg>${userPassword}</arg>
<doc>Types the given ``text`` into the text field identified by ``locator``.</doc>
<msg timestamp="20240326 01:09:41.198" level="INFO">Typing text 'mercury' into text field 'name:password'.</msg>
<status status="PASS" starttime="20240326 01:09:41.197" endtime="20240326 01:09:44.318"/>
</kw>
<status status="PASS" starttime="20240326 01:09:41.196" endtime="20240326 01:09:44.318"/>
</kw>
<kw name="Click SignIn Button" library="LoginPageKeywords">
<kw name="Click Element" library="SeleniumLibrary">
<arg>${btn_signIn}</arg>
<doc>Click the element identified by ``locator``.</doc>
<msg timestamp="20240326 01:09:44.319" level="INFO">Clicking element 'name:submit'.</msg>
<status status="PASS" starttime="20240326 01:09:44.319" endtime="20240326 01:09:48.217"/>
</kw>
<status status="PASS" starttime="20240326 01:09:44.318" endtime="20240326 01:09:48.217"/>
</kw>
<kw name="Verify Successful Login" library="LoginPageKeywords">
<kw name="Title Should Be" library="SeleniumLibrary">
<arg>${tittle_homepage}</arg>
<doc>Verifies that the current page title equals ``title``.</doc>
<msg timestamp="20240326 01:09:49.226" level="INFO">Page title is 'Login: Mercury Tours'.</msg>
<status status="PASS" starttime="20240326 01:09:48.218" endtime="20240326 01:09:49.226"/>
</kw>
<status status="PASS" starttime="20240326 01:09:48.217" endtime="20240326 01:09:49.226"/>
</kw>
<kw name="Close Browser" library="SeleniumLibrary">
<doc>Closes the current browser.</doc>
<status status="PASS" starttime="20240326 01:09:49.226" endtime="20240326 01:09:52.424"/>
</kw>
<tag>regression</tag>
<status status="PASS" starttime="20240326 01:09:28.377" endtime="20240326 01:09:52.424"/>
</test>
<status status="PASS" starttime="20240326 01:09:15.023" endtime="20240326 01:09:52.426"/>
</suite>
<statistics>
<total>
<stat pass="2" fail="0" skip="0">All Tests</stat>
</total>
<tag>
<stat pass="2" fail="0" skip="0">regression</stat>
</tag>
<suite>
<stat pass="2" fail="0" skip="0" id="s1" name="TC LoginPage">TC LoginPage</stat>
</suite>
</statistics>
<errors>
<msg timestamp="20240326 01:09:16.969" level="WARN">The chromedriver version (121.0.6167.184) detected in PATH at C:\Users\Acer\AppData\Local\Programs\Python\Python311\Scripts\chromedriver.exe might not be compatible with the detected chrome version (122.0.6261.131); currently, chromedriver 122.0.6261.128 is recommended for chrome 122.*, so it is advised to delete the driver in PATH and retry</msg>
<msg timestamp="20240326 01:09:28.931" level="WARN">The chromedriver version (121.0.6167.184) detected in PATH at C:\Users\Acer\AppData\Local\Programs\Python\Python311\Scripts\chromedriver.exe might not be compatible with the detected chrome version (122.0.6261.131); currently, chromedriver 122.0.6261.128 is recommended for chrome 122.*, so it is advised to delete the driver in PATH and retry</msg>
</errors>
</robot>
