<?xml version="1.0" encoding="UTF-8"?>
<robot generator="Robot 6.0.2 (Python 3.11.2 on win32)" generated="20240308 16:27:12.536" rpa="false" schemaversion="3">
<suite id="s1" name="TC LoginPage" source="E:\Project\TOK_RobotFrameworkProject\TestCases\TC_LoginPage.robot">
<test id="s1-t1" name="LoginPage Title Test" line="8">
<kw name="Launch Mercury Login Page" library="BaseKeywords" type="SETUP">
<kw name="Open Browser" library="SeleniumLibrary">
<arg>${data_url}</arg>
<arg>${data_browser}</arg>
<doc>Opens a new browser instance to the optional ``url``.</doc>
<msg timestamp="20240308 16:27:13.982" level="INFO">Opening browser 'chrome' to base url 'https://demo.guru99.com/test/newtours/index.php'.</msg>
<status status="PASS" starttime="20240308 16:27:13.980" endtime="20240308 16:27:43.710"/>
</kw>
<kw name="Maximize Browser Window" library="SeleniumLibrary">
<doc>Maximizes current browser window.</doc>
<status status="PASS" starttime="20240308 16:27:43.710" endtime="20240308 16:27:43.866"/>
</kw>
<kw name="Wait sleep" library="BaseKeywords">
<kw name="Sleep" library="BuiltIn">
<arg>2</arg>
<doc>Pauses the test executed for the given time.</doc>
<msg timestamp="20240308 16:27:45.872" level="INFO">Slept 2 seconds</msg>
<status status="PASS" starttime="20240308 16:27:43.869" endtime="20240308 16:27:45.873"/>
</kw>
<status status="PASS" starttime="20240308 16:27:43.867" endtime="20240308 16:27:45.873"/>
</kw>
<status status="PASS" starttime="20240308 16:27:13.979" endtime="20240308 16:27:45.874"/>
</kw>
<kw name="Set Selenium Speed" library="SeleniumLibrary">
<arg>1</arg>
<doc>Sets the delay that is waited after each Selenium command.</doc>
<status status="PASS" starttime="20240308 16:27:45.876" endtime="20240308 16:27:45.877"/>
</kw>
<kw name="Verify LoginPage Title" library="LoginPageKeywords">
<kw name="Title Should Be" library="SeleniumLibrary">
<arg>${tittle_loginpage}</arg>
<doc>Verifies that the current page title equals ``title``.</doc>
<msg timestamp="20240308 16:27:47.636" level="INFO">Page title is 'Welcome: Mercury Tours'.</msg>
<status status="PASS" starttime="20240308 16:27:45.880" endtime="20240308 16:27:47.636"/>
</kw>
<status status="PASS" starttime="20240308 16:27:45.879" endtime="20240308 16:27:47.637"/>
</kw>
<kw name="Close Browser" library="SeleniumLibrary">
<doc>Closes the current browser.</doc>
<status status="PASS" starttime="20240308 16:27:47.639" endtime="20240308 16:27:53.627"/>
</kw>
<tag>regression</tag>
<status status="PASS" starttime="20240308 16:27:13.977" endtime="20240308 16:27:53.628"/>
</test>
<status status="PASS" starttime="20240308 16:27:12.541" endtime="20240308 16:27:53.632"/>
</suite>
<statistics>
<total>
<stat pass="1" fail="0" skip="0">All Tests</stat>
</total>
<tag>
<stat pass="1" fail="0" skip="0">regression</stat>
</tag>
<suite>
<stat pass="1" fail="0" skip="0" id="s1" name="TC LoginPage">TC LoginPage</stat>
</suite>
</statistics>
<errors>
</errors>
</robot>
